#-----------------------------------------------------------
# Vivado v2021.1 (64-bit)
# SW Build 3247384 on Thu Jun 10 19:36:33 MDT 2021
# IP Build 3246043 on Fri Jun 11 00:30:35 MDT 2021
# Start of session at: Thu Feb 24 13:20:32 2022
# Process ID: 14672
# Current directory: C:/Users/WinSSD/Desktop/oef_4_les_1/oef_4_les_1
# Command line: vivado.exe -gui_launcher_event rodinguilauncherevent7532 C:\Users\WinSSD\Desktop\oef_4_les_1\oef_4_les_1\oef_4_les_1.xpr
# Log file: C:/Users/WinSSD/Desktop/oef_4_les_1/oef_4_les_1/vivado.log
# Journal file: C:/Users/WinSSD/Desktop/oef_4_les_1/oef_4_les_1\vivado.jou
#-----------------------------------------------------------
start_gui
open_project C:/Users/WinSSD/Desktop/oef_4_les_1/oef_4_les_1/oef_4_les_1.xpr
INFO: [Project 1-313] Project file moved from 'C:/Users/WinSSD/Documents/GitHub/schakel_notes/oef_4_les_1' since last save.
WARNING: [filemgmt 56-2] Default IP Output Path : Could not find the directory 'C:/Users/WinSSD/Desktop/oef_4_les_1/oef_4_les_1/oef_4_les_1.gen/sources_1', nor could it be found using path 'C:/Users/WinSSD/Documents/GitHub/schakel_notes/oef_4_les_1/oef_4_les_1.gen/sources_1'.
INFO: [filemgmt 56-1] IPUserFilesDir: Directory not found as 'C:/Users/WinSSD/Desktop/oef_4_les_1/oef_4_les_1/oef_4_les_1.ip_user_files'; using path 'C:/Users/WinSSD/Documents/GitHub/schakel_notes/oef_4_les_1/oef_4_les_1.ip_user_files' instead.
Scanning sources...
Finished scanning sources
WARNING: [Project 1-509] GeneratedRun file for 'synth_1' not found
WARNING: [Project 1-509] GeneratedRun file for 'impl_1' not found
INFO: [IP_Flow 19-234] Refreshing IP repositories
INFO: [IP_Flow 19-1704] No user IP repositories specified
INFO: [IP_Flow 19-2313] Loaded Vivado IP repository 'C:/Xilinx/Vivado/2021.1/data/ip'.
open_project: Time (s): cpu = 00:00:16 ; elapsed = 00:00:08 . Memory (MB): peak = 1219.535 ; gain = 0.000
update_compile_order -fileset sources_1
launch_runs synth_1 -jobs 4
[Thu Feb 24 13:21:10 2022] Launched synth_1...
Run output will be captured here: C:/Users/WinSSD/Desktop/oef_4_les_1/oef_4_les_1/oef_4_les_1.runs/synth_1/runme.log
launch_runs impl_1 -jobs 4
[Thu Feb 24 13:22:11 2022] Launched impl_1...
Run output will be captured here: C:/Users/WinSSD/Desktop/oef_4_les_1/oef_4_les_1/oef_4_les_1.runs/impl_1/runme.log
launch_runs impl_1 -to_step write_bitstream -jobs 4
[Thu Feb 24 13:23:22 2022] Launched impl_1...
Run output will be captured here: C:/Users/WinSSD/Desktop/oef_4_les_1/oef_4_les_1/oef_4_les_1.runs/impl_1/runme.log
open_hw_manager
connect_hw_server -allow_non_jtag
INFO: [Labtools 27-2285] Connecting to hw_server url TCP:localhost:3121
INFO: [Labtools 27-2222] Launching hw_server...
INFO: [Labtools 27-2221] Launch Output:

****** Xilinx hw_server v2021.1
  **** Build date : Jun 10 2021 at 20:17:23
    ** Copyright 1986-2021 Xilinx, Inc. All Rights Reserved.


INFO: [Labtools 27-3415] Connecting to cs_server url TCP:localhost:3042
INFO: [Labtools 27-3417] Launching cs_server...
INFO: [Labtools 27-2221] Launch Output:


******** Xilinx cs_server v2021.1
  ****** Build date   : May 26 2021-19:32:33
    **** Build number : 2021.1.1622050353
      ** Copyright 2017-2022 Xilinx, Inc. All Rights Reserved.



connect_hw_server: Time (s): cpu = 00:00:01 ; elapsed = 00:00:11 . Memory (MB): peak = 1219.535 ; gain = 0.000
open_hw_target
INFO: [Labtoolstcl 44-466] Opening hw_target localhost:3121/xilinx_tcf/Xilinx/1234-tulA
open_hw_target: Time (s): cpu = 00:00:07 ; elapsed = 00:00:10 . Memory (MB): peak = 2811.977 ; gain = 1592.441
set_property PROGRAM.FILE {C:/Users/WinSSD/Desktop/oef_4_les_1/oef_4_les_1/oef_4_les_1.runs/impl_1/toplevel.bit} [get_hw_devices xc7z020_1]
current_hw_device [get_hw_devices xc7z020_1]
refresh_hw_device -update_hw_probes false [lindex [get_hw_devices xc7z020_1] 0]
INFO: [Labtools 27-1434] Device xc7z020 (JTAG device index = 1) is programmed with a design that has no supported debug core(s) in it.
set_property PROBES.FILE {} [get_hw_devices xc7z020_1]
set_property FULL_PROBES.FILE {} [get_hw_devices xc7z020_1]
set_property PROGRAM.FILE {C:/Users/WinSSD/Desktop/oef_4_les_1/oef_4_les_1/oef_4_les_1.runs/impl_1/toplevel.bit} [get_hw_devices xc7z020_1]
program_hw_devices [get_hw_devices xc7z020_1]
INFO: [Labtools 27-3164] End of startup status: HIGH
refresh_hw_device [lindex [get_hw_devices xc7z020_1] 0]
INFO: [Labtools 27-1434] Device xc7z020 (JTAG device index = 1) is programmed with a design that has no supported debug core(s) in it.
close_hw_manager
open_hw_manager
connect_hw_server -allow_non_jtag
INFO: [Labtools 27-2285] Connecting to hw_server url TCP:localhost:3121
INFO: [Labtools 27-2222] Launching hw_server...
INFO: [Labtools 27-2221] Launch Output:

****** Xilinx hw_server v2021.1
  **** Build date : Jun 10 2021 at 20:17:23
    ** Copyright 1986-2021 Xilinx, Inc. All Rights Reserved.


INFO: [Labtools 27-3415] Connecting to cs_server url TCP:localhost:3042
INFO: [Labtools 27-3417] Launching cs_server...
INFO: [Labtools 27-2221] Launch Output:


******** Xilinx cs_server v2021.1
  ****** Build date   : May 26 2021-19:32:33
    **** Build number : 2021.1.1622050353
      ** Copyright 2017-2022 Xilinx, Inc. All Rights Reserved.



connect_hw_server: Time (s): cpu = 00:00:01 ; elapsed = 00:00:11 . Memory (MB): peak = 2879.734 ; gain = 0.000
open_hw_target
INFO: [Labtoolstcl 44-466] Opening hw_target localhost:3121/xilinx_tcf/Xilinx/1234-tulA
set_property PROGRAM.FILE {C:/Users/WinSSD/Desktop/oef_4_les_1/oef_4_les_1/oef_4_les_1.runs/impl_1/toplevel.bit} [get_hw_devices xc7z020_1]
current_hw_device [get_hw_devices xc7z020_1]
refresh_hw_device -update_hw_probes false [lindex [get_hw_devices xc7z020_1] 0]
INFO: [Labtools 27-1435] Device xc7z020 (JTAG device index = 1) is not programmed (DONE status = 0).
close_hw_manager
reset_run synth_1
WARNING: [Vivado 12-1017] Problems encountered:
1. Failed to delete one or more files in run directory C:/Users/WinSSD/Desktop/oef_4_les_1/oef_4_les_1/oef_4_les_1.runs/synth_1

launch_runs impl_1 -jobs 4
[Thu Feb 24 13:28:42 2022] Launched synth_1...
Run output will be captured here: C:/Users/WinSSD/Desktop/oef_4_les_1/oef_4_les_1/oef_4_les_1.runs/synth_1/runme.log
[Thu Feb 24 13:28:42 2022] Launched impl_1...
Run output will be captured here: C:/Users/WinSSD/Desktop/oef_4_les_1/oef_4_les_1/oef_4_les_1.runs/impl_1/runme.log
reset_run impl_1
reset_run synth_1
WARNING: [Vivado 12-1017] Problems encountered:
1. Failed to delete one or more files in run directory C:/Users/WinSSD/Desktop/oef_4_les_1/oef_4_les_1/oef_4_les_1.runs/synth_1

launch_runs impl_1 -jobs 4
[Thu Feb 24 13:30:29 2022] Launched synth_1...
Run output will be captured here: C:/Users/WinSSD/Desktop/oef_4_les_1/oef_4_les_1/oef_4_les_1.runs/synth_1/runme.log
[Thu Feb 24 13:30:30 2022] Launched impl_1...
Run output will be captured here: C:/Users/WinSSD/Desktop/oef_4_les_1/oef_4_les_1/oef_4_les_1.runs/impl_1/runme.log
launch_runs impl_1 -to_step write_bitstream -jobs 4
[Thu Feb 24 13:32:21 2022] Launched impl_1...
Run output will be captured here: C:/Users/WinSSD/Desktop/oef_4_les_1/oef_4_les_1/oef_4_les_1.runs/impl_1/runme.log
open_hw_manager
connect_hw_server -allow_non_jtag
INFO: [Labtools 27-2285] Connecting to hw_server url TCP:localhost:3121
INFO: [Labtools 27-2222] Launching hw_server...
INFO: [Labtools 27-2221] Launch Output:

****** Xilinx hw_server v2021.1
  **** Build date : Jun 10 2021 at 20:17:23
    ** Copyright 1986-2021 Xilinx, Inc. All Rights Reserved.


INFO: [Labtools 27-3415] Connecting to cs_server url TCP:localhost:3042
INFO: [Labtools 27-3417] Launching cs_server...
INFO: [Labtools 27-2221] Launch Output:


******** Xilinx cs_server v2021.1
  ****** Build date   : May 26 2021-19:32:33
    **** Build number : 2021.1.1622050353
      ** Copyright 2017-2022 Xilinx, Inc. All Rights Reserved.



connect_hw_server: Time (s): cpu = 00:00:00 ; elapsed = 00:00:11 . Memory (MB): peak = 2879.734 ; gain = 0.000
open_hw_target
INFO: [Labtoolstcl 44-466] Opening hw_target localhost:3121/xilinx_tcf/Xilinx/1234-tulA
set_property PROGRAM.FILE {C:/Users/WinSSD/Desktop/oef_4_les_1/oef_4_les_1/oef_4_les_1.runs/impl_1/toplevel.bit} [get_hw_devices xc7z020_1]
current_hw_device [get_hw_devices xc7z020_1]
refresh_hw_device -update_hw_probes false [lindex [get_hw_devices xc7z020_1] 0]
INFO: [Labtools 27-1435] Device xc7z020 (JTAG device index = 1) is not programmed (DONE status = 0).
set_property PROBES.FILE {} [get_hw_devices xc7z020_1]
set_property FULL_PROBES.FILE {} [get_hw_devices xc7z020_1]
set_property PROGRAM.FILE {C:/Users/WinSSD/Desktop/oef_4_les_1/oef_4_les_1/oef_4_les_1.runs/impl_1/toplevel.bit} [get_hw_devices xc7z020_1]
program_hw_devices [get_hw_devices xc7z020_1]
INFO: [Labtools 27-3164] End of startup status: HIGH
refresh_hw_device [lindex [get_hw_devices xc7z020_1] 0]
INFO: [Labtools 27-1434] Device xc7z020 (JTAG device index = 1) is programmed with a design that has no supported debug core(s) in it.
exit
INFO: [Common 17-206] Exiting Vivado at Thu Feb 24 13:35:42 2022...
