Copyright 1986-2021 Xilinx, Inc. All Rights Reserved.
--------------------------------------------------------------------------------------------------------------------------------------------------------------
| Tool Version : Vivado v.2021.1 (win64) Build 3247384 Thu Jun 10 19:36:33 MDT 2021
| Date         : Thu Feb 17 17:06:30 2022
| Host         : DESKTOP-VUMQ4FB running 64-bit major release  (build 9200)
| Command      : report_methodology -file toplevel_methodology_drc_routed.rpt -pb toplevel_methodology_drc_routed.pb -rpx toplevel_methodology_drc_routed.rpx
| Design       : toplevel
| Device       : xc7z020clg400-1
| Speed File   : -1
| Design State : Fully Routed
--------------------------------------------------------------------------------------------------------------------------------------------------------------

Report Methodology

Table of Contents
-----------------
1. REPORT SUMMARY
2. REPORT DETAILS

1. REPORT SUMMARY
-----------------
            Netlist: netlist
          Floorplan: design_1
      Design limits: <entire design considered>
             Max violations: <unlimited>
             Violations found: 1
+-----------+----------+-------------------+------------+
| Rule      | Severity | Description       | Violations |
+-----------+----------+-------------------+------------+
| TIMING-20 | Warning  | Non-clocked latch | 1          |
+-----------+----------+-------------------+------------+

2. REPORT DETAILS
-----------------
TIMING-20#1 Warning
Non-clocked latch  
The latch inst_presc/clk_s_reg cannot be properly analyzed as its control pin inst_presc/clk_s_reg/G is not reached by a timing clock
Related violations: <none>


